# JRE version: OpenJDK Runtime Environment (7.0_91-b02) (build 1.7.0_91-b02)
# Java VM: OpenJDK 64-Bit Server VM (24.91-b01 mixed mode linux-amd64 compressed oops)
Heap
 PSYoungGen      total 235520K, used 50045K [0x00000000eaa80000, 0x0000000100000000, 0x0000000100000000)
  eden space 173568K, 0% used [0x00000000eaa80000,0x00000000eaa80000,0x00000000f5400000)
  from space 61952K, 80% used [0x00000000fc380000,0x00000000ff45f560,0x0000000100000000)
  to   space 88064K, 0% used [0x00000000f5400000,0x00000000f5400000,0x00000000faa00000)
 ParOldGen       total 204800K, used 204605K [0x00000000c0000000, 0x00000000cc800000, 0x00000000eaa80000)
  object space 204800K, 99% used [0x00000000c0000000,0x00000000cc7cf760,0x00000000cc800000)
 PSPermGen       total 150528K, used 137859K [0x00000000b0000000, 0x00000000b9300000, 0x00000000c0000000)
  object space 150528K, 91% used [0x00000000b0000000,0x00000000b86a0d98,0x00000000b9300000)
GC Heap History (10 events):
Event: 7417.076 GC heap after
Heap after GC invocations=36 (full 10):
 PSYoungGen      total 281600K, used 0K [0x00000000eaa80000, 0x00000000ffe80000, 0x0000000100000000)
  eden space 222720K, 0% used [0x00000000eaa80000,0x00000000eaa80000,0x00000000f8400000)
  from space 58880K, 0% used [0x00000000fc000000,0x00000000fc000000,0x00000000ff980000)
  to   space 61440K, 0% used [0x00000000f8400000,0x00000000f8400000,0x00000000fc000000)
 ParOldGen       total 204800K, used 160186K [0x00000000c0000000, 0x00000000cc800000, 0x00000000eaa80000)
  object space 204800K, 78% used [0x00000000c0000000,0x00000000c9c6ea78,0x00000000cc800000)
 PSPermGen       total 150528K, used 118860K [0x00000000b0000000, 0x00000000b9300000, 0x00000000c0000000)
  object space 150528K, 78% used [0x00000000b0000000,0x00000000b7413130,0x00000000b9300000)
}
Event: 7440.133 GC heap before
{Heap before GC invocations=37 (full 10):
 PSYoungGen      total 281600K, used 222720K [0x00000000eaa80000, 0x00000000ffe80000, 0x0000000100000000)
  eden space 222720K, 100% used [0x00000000eaa80000,0x00000000f8400000,0x00000000f8400000)
  from space 58880K, 0% used [0x00000000fc000000,0x00000000fc000000,0x00000000ff980000)
  to   space 61440K, 0% used [0x00000000f8400000,0x00000000f8400000,0x00000000fc000000)
 ParOldGen       total 204800K, used 160186K [0x00000000c0000000, 0x00000000cc800000, 0x00000000eaa80000)
  object space 204800K, 78% used [0x00000000c0000000,0x00000000c9c6ea78,0x00000000cc800000)
 PSPermGen       total 150528K, used 127275K [0x00000000b0000000, 0x00000000b9300000, 0x00000000c0000000)
  object space 150528K, 84% used [0x00000000b0000000,0x00000000b7c4ad90,0x00000000b9300000)
Event: 7440.173 GC heap after
Heap after GC invocations=37 (full 10):
 PSYoungGen      total 284160K, used 26441K [0x00000000eaa80000, 0x00000000ffc80000, 0x0000000100000000)
  eden space 222720K, 0% used [0x00000000eaa80000,0x00000000eaa80000,0x00000000f8400000)
  from space 61440K, 43% used [0x00000000f8400000,0x00000000f9dd2758,0x00000000fc000000)
  to   space 58368K, 0% used [0x00000000fc380000,0x00000000fc380000,0x00000000ffc80000)
 ParOldGen       total 204800K, used 160186K [0x00000000c0000000, 0x00000000cc800000, 0x00000000eaa80000)
  object space 204800K, 78% used [0x00000000c0000000,0x00000000c9c6ea78,0x00000000cc800000)
 PSPermGen       total 150528K, used 127275K [0x00000000b0000000, 0x00000000b9300000, 0x00000000c0000000)
  object space 150528K, 84% used [0x00000000b0000000,0x00000000b7c4ad90,0x00000000b9300000)
}
Event: 7458.428 GC heap before
{Heap before GC invocations=38 (full 10):
 PSYoungGen      total 284160K, used 249161K [0x00000000eaa80000, 0x00000000ffc80000, 0x0000000100000000)
  eden space 222720K, 100% used [0x00000000eaa80000,0x00000000f8400000,0x00000000f8400000)
  from space 61440K, 43% used [0x00000000f8400000,0x00000000f9dd2758,0x00000000fc000000)
  to   space 58368K, 0% used [0x00000000fc380000,0x00000000fc380000,0x00000000ffc80000)
 ParOldGen       total 204800K, used 160186K [0x00000000c0000000, 0x00000000cc800000, 0x00000000eaa80000)
  object space 204800K, 78% used [0x00000000c0000000,0x00000000c9c6ea78,0x00000000cc800000)
 PSPermGen       total 150528K, used 135181K [0x00000000b0000000, 0x00000000b9300000, 0x00000000c0000000)
  object space 150528K, 89% used [0x00000000b0000000,0x00000000b84036b8,0x00000000b9300000)
Event: 7458.471 GC heap after
Heap after GC invocations=38 (full 10):
 PSYoungGen      total 287232K, used 37674K [0x00000000eaa80000, 0x00000000ffe00000, 0x0000000100000000)
  eden space 228864K, 0% used [0x00000000eaa80000,0x00000000eaa80000,0x00000000f8a00000)
  from space 58368K, 64% used [0x00000000fc380000,0x00000000fe84ab98,0x00000000ffc80000)
  to   space 58880K, 0% used [0x00000000f8a00000,0x00000000f8a00000,0x00000000fc380000)
 ParOldGen       total 204800K, used 160186K [0x00000000c0000000, 0x00000000cc800000, 0x00000000eaa80000)
  object space 204800K, 78% used [0x00000000c0000000,0x00000000c9c6ea78,0x00000000cc800000)
 PSPermGen       total 150528K, used 135181K [0x00000000b0000000, 0x00000000b9300000, 0x00000000c0000000)
  object space 150528K, 89% used [0x00000000b0000000,0x00000000b84036b8,0x00000000b9300000)
}
Event: 7465.751 GC heap before
{Heap before GC invocations=39 (full 10):
 PSYoungGen      total 287232K, used 266538K [0x00000000eaa80000, 0x00000000ffe00000, 0x0000000100000000)
  eden space 228864K, 100% used [0x00000000eaa80000,0x00000000f8a00000,0x00000000f8a00000)
  from space 58368K, 64% used [0x00000000fc380000,0x00000000fe84ab98,0x00000000ffc80000)
  to   space 58880K, 0% used [0x00000000f8a00000,0x00000000f8a00000,0x00000000fc380000)
 ParOldGen       total 204800K, used 160186K [0x00000000c0000000, 0x00000000cc800000, 0x00000000eaa80000)
  object space 204800K, 78% used [0x00000000c0000000,0x00000000c9c6ea78,0x00000000cc800000)
 PSPermGen       total 150528K, used 137983K [0x00000000b0000000, 0x00000000b9300000, 0x00000000c0000000)
  object space 150528K, 91% used [0x00000000b0000000,0x00000000b86bfe28,0x00000000b9300000)
Event: 7465.828 GC heap after
Heap after GC invocations=39 (full 10):
 PSYoungGen      total 287744K, used 58876K [0x00000000eaa80000, 0x0000000100000000, 0x0000000100000000)
  eden space 228864K, 0% used [0x00000000eaa80000,0x00000000eaa80000,0x00000000f8a00000)
  from space 58880K, 99% used [0x00000000f8a00000,0x00000000fc37f360,0x00000000fc380000)
  to   space 61952K, 0% used [0x00000000fc380000,0x00000000fc380000,0x0000000100000000)
 ParOldGen       total 204800K, used 169956K [0x00000000c0000000, 0x00000000cc800000, 0x00000000eaa80000)
  object space 204800K, 82% used [0x00000000c0000000,0x00000000ca5f91a8,0x00000000cc800000)
 PSPermGen       total 150528K, used 137983K [0x00000000b0000000, 0x00000000b9300000, 0x00000000c0000000)
  object space 150528K, 91% used [0x00000000b0000000,0x00000000b86bfe28,0x00000000b9300000)
}
Event: 7467.118 GC heap before
{Heap before GC invocations=40 (full 10):
 PSYoungGen      total 287744K, used 287740K [0x00000000eaa80000, 0x0000000100000000, 0x0000000100000000)
  eden space 228864K, 100% used [0x00000000eaa80000,0x00000000f8a00000,0x00000000f8a00000)
  from space 58880K, 99% used [0x00000000f8a00000,0x00000000fc37f360,0x00000000fc380000)
  to   space 61952K, 0% used [0x00000000fc380000,0x00000000fc380000,0x0000000100000000)
 ParOldGen       total 204800K, used 169956K [0x00000000c0000000, 0x00000000cc800000, 0x00000000eaa80000)
  object space 204800K, 82% used [0x00000000c0000000,0x00000000ca5f91a8,0x00000000cc800000)
 PSPermGen       total 150528K, used 138180K [0x00000000b0000000, 0x00000000b9300000, 0x00000000c0000000)
  object space 150528K, 91% used [0x00000000b0000000,0x00000000b86f12e0,0x00000000b9300000)
Event: 7467.251 GC heap after
Heap after GC invocations=40 (full 10):
 PSYoungGen      total 235520K, used 61948K [0x00000000eaa80000, 0x0000000100000000, 0x0000000100000000)
  eden space 173568K, 0% used [0x00000000eaa80000,0x00000000eaa80000,0x00000000f5400000)
  from space 61952K, 99% used [0x00000000fc380000,0x00000000fffff360,0x0000000100000000)
  to   space 88064K, 0% used [0x00000000f5400000,0x00000000f5400000,0x00000000faa00000)
 ParOldGen       total 204800K, used 199427K [0x00000000c0000000, 0x00000000cc800000, 0x00000000eaa80000)
  object space 204800K, 97% used [0x00000000c0000000,0x00000000cc2c0ec0,0x00000000cc800000)
 PSPermGen       total 150528K, used 138180K [0x00000000b0000000, 0x00000000b9300000, 0x00000000c0000000)
  object space 150528K, 91% used [0x00000000b0000000,0x00000000b86f12e0,0x00000000b9300000)
}
Event: 7467.384 GC heap before
{Heap before GC invocations=41 (full 11):
 PSYoungGen      total 235520K, used 61948K [0x00000000eaa80000, 0x0000000100000000, 0x0000000100000000)
  eden space 173568K, 0% used [0x00000000eaa80000,0x00000000eaa80000,0x00000000f5400000)
  from space 61952K, 99% used [0x00000000fc380000,0x00000000fffff360,0x0000000100000000)
  to   space 88064K, 0% used [0x00000000f5400000,0x00000000f5400000,0x00000000faa00000)
 ParOldGen       total 204800K, used 199427K [0x00000000c0000000, 0x00000000cc800000, 0x00000000eaa80000)
  object space 204800K, 97% used [0x00000000c0000000,0x00000000cc2c0ec0,0x00000000cc800000)
 PSPermGen       total 150528K, used 138180K [0x00000000b0000000, 0x00000000b9300000, 0x00000000c0000000)
  object space 150528K, 91% used [0x00000000b0000000,0x00000000b86f12e0,0x00000000b9300000)

